10:50:27: Creating resource group General
10:50:27: Creating resource group Internal
10:50:27: Creating resource group Autodetect
10:50:27: SceneManagerFactory for type 'DefaultSceneManager' registered.
10:50:27: Registering ResourceManager for type Material
10:50:27: Registering ResourceManager for type Mesh
10:50:27: Registering ResourceManager for type Skeleton
10:50:27: MovableObjectFactory for type 'ParticleSystem' registered.
10:50:27: OverlayElementFactory for type Panel registered.
10:50:27: OverlayElementFactory for type BorderPanel registered.
10:50:27: OverlayElementFactory for type TextArea registered.
10:50:27: Registering ResourceManager for type Font
10:50:27: ArchiveFactory for archive type FileSystem registered.
10:50:27: ArchiveFactory for archive type Zip registered.
10:50:27: FreeImage version: 3.10.0
10:50:27: This program uses FreeImage, a free, open source image library supporting all common bitmap formats. See http://freeimage.sourceforge.net for details
10:50:27: Supported formats: bmp,ico,jpg,jif,jpeg,jpe,jng,koa,iff,lbm,mng,pbm,pbm,pcd,pcx,pgm,pgm,png,ppm,ppm,ras,tga,targa,tif,tiff,wap,wbmp,wbm,psd,cut,xbm,xpm,gif,hdr,g3,sgi,exr,j2k,j2c,jp2
10:50:27: DDS codec registering
10:50:27: Registering ResourceManager for type HighLevelGpuProgram
10:50:27: Registering ResourceManager for type Compositor
10:50:27: MovableObjectFactory for type 'Entity' registered.
10:50:27: MovableObjectFactory for type 'Light' registered.
10:50:27: MovableObjectFactory for type 'BillboardSet' registered.
10:50:27: MovableObjectFactory for type 'ManualObject' registered.
10:50:27: MovableObjectFactory for type 'BillboardChain' registered.
10:50:27: MovableObjectFactory for type 'RibbonTrail' registered.
10:50:27: Loading library .\RenderSystem_Direct3D9
10:50:27: Installing plugin: D3D9 RenderSystem
10:50:27: D3D9 : Direct3D9 Rendering Subsystem created.
10:50:27: D3D9: Driver Detection Starts
10:50:27: D3D9: Driver Detection Ends
10:50:27: Plugin successfully installed
10:50:27: Loading library .\RenderSystem_GL
10:50:27: Installing plugin: GL RenderSystem
10:50:27: OpenGL Rendering Subsystem created.
10:50:28: Plugin successfully installed
10:50:28: Loading library .\Plugin_CgProgramManager
10:50:28: Installing plugin: Cg Program Manager
10:50:28: Plugin successfully installed
10:50:28: Loading library .\Plugin_OctreeSceneManager
10:50:28: Installing plugin: Octree & Terrain Scene Manager
10:50:28: Plugin successfully installed
10:50:28: *-*-* OGRE Initialising
10:50:28: *-*-* Version 1.6.0 (Shoggoth)
10:50:28: D3D9 : RenderSystem Option: Allow NVPerfHUD = No
10:50:28: D3D9 : RenderSystem Option: Anti aliasing = Level 4
10:50:28: D3D9 : RenderSystem Option: Floating-point mode = Consistent
10:50:28: D3D9 : RenderSystem Option: Full Screen = No
10:50:28: D3D9 : RenderSystem Option: Rendering Device = NVIDIA GeForce 8600 GTS
10:50:28: D3D9 : RenderSystem Option: VSync = Yes
10:50:28: D3D9 : RenderSystem Option: Video Mode = 1280 x 1024 @ 32-bit colour
10:50:28: D3D9 : RenderSystem Option: sRGB Gamma Conversion = No
10:50:28: CPU Identifier & Features
10:50:28: -------------------------
10:50:28:  *   CPU ID: GenuineIntel: Intel(R) Core(TM)2 Duo CPU     E6750  @ 2.66GHz
10:50:28:  *      SSE: yes
10:50:28:  *     SSE2: yes
10:50:28:  *     SSE3: yes
10:50:28:  *      MMX: yes
10:50:28:  *   MMXEXT: yes
10:50:28:  *    3DNOW: no
10:50:28:  * 3DNOWEXT: no
10:50:28:  *     CMOV: yes
10:50:28:  *      TSC: yes
10:50:28:  *      FPU: yes
10:50:28:  *      PRO: yes
10:50:28:  *       HT: no
10:50:28: -------------------------
10:50:28: D3D9 : Subsystem Initialising
10:50:28: ***************************************
10:50:28: *** D3D9 : Subsystem Initialised OK ***
10:50:28: ***************************************
10:50:28: Added resource location '..\materials\programs' of type 'FileSystem' to resource group 'General'
10:50:28: Added resource location '..\materials\scripts' of type 'FileSystem' to resource group 'General'
10:50:28: Added resource location '..\materials\textures' of type 'FileSystem' to resource group 'General'
10:50:28: Added resource location '..\meshes' of type 'FileSystem' to resource group 'General'
10:50:28: Added resource location '..\terrains' of type 'FileSystem' to resource group 'General'
10:50:28: Added resource location '..\meshes\barn.zip' of type 'Zip' to resource group 'General'
10:50:28: Added resource location '..\meshes\bigtree1.zip' of type 'Zip' to resource group 'General'
10:50:28: Added resource location '..\meshes\bigtree2.zip' of type 'Zip' to resource group 'General'
10:50:28: Added resource location '..\meshes\bldskyl1_01.zip' of type 'Zip' to resource group 'General'
10:50:28: Added resource location '..\meshes\bldskyl1_02.zip' of type 'Zip' to resource group 'General'
10:50:28: Added resource location '..\meshes\bldskyl1_03.zip' of type 'Zip' to resource group 'General'
10:50:28: Added resource location '..\meshes\bldskyl1_04.zip' of type 'Zip' to resource group 'General'
10:50:28: Added resource location '..\meshes\bldskyl1_05.zip' of type 'Zip' to resource group 'General'
10:50:28: Added resource location '..\meshes\church.zip' of type 'Zip' to resource group 'General'
10:50:28: Added resource location '..\meshes\deadtree.zip' of type 'Zip' to resource group 'General'
10:50:28: Added resource location '..\meshes\palmtree.zip' of type 'Zip' to resource group 'General'
10:50:28: Added resource location '..\meshes\pinetree.zip' of type 'Zip' to resource group 'General'
10:50:28: Added resource location '..\meshes\s-light2.zip' of type 'Zip' to resource group 'General'
10:50:28: Creating resource group Cache
10:50:28: D3D9RenderSystem::_createRenderWindow "3d-city", 1600x1200 windowed  miscParams: FSAA=4 externalWindowHandle=1508438 vsync=1 
10:50:28: D3D9 : Created D3D9 Rendering Window '3d-city' : 100x100, 32bpp
10:50:28: Registering ResourceManager for type Texture
10:50:28: Registering ResourceManager for type GpuProgram
10:50:28: D3D9: Vertex texture format supported - PF_FLOAT16_RGB
10:50:28: D3D9: Vertex texture format supported - PF_FLOAT16_RGBA
10:50:28: D3D9: Vertex texture format supported - PF_FLOAT32_RGB
10:50:28: D3D9: Vertex texture format supported - PF_FLOAT32_RGBA
10:50:28: D3D9: Vertex texture format supported - PF_FLOAT16_R
10:50:28: D3D9: Vertex texture format supported - PF_FLOAT32_R
10:50:28: D3D9: Vertex texture format supported - PF_FLOAT16_GR
10:50:28: D3D9: Vertex texture format supported - PF_FLOAT32_GR
10:50:28: RenderSystem capabilities
10:50:28: -------------------------
10:50:28: RenderSystem Name: Direct3D9 Rendering Subsystem
10:50:28: GPU Vendor: nvidia
10:50:28: Device Name: NVIDIA GeForce 8600 GTS
10:50:28: Driver Version: 6.14.11.8208
10:50:28:  * Fixed function pipeline: yes
10:50:28:  * Hardware generation of mipmaps: yes
10:50:28:  * Texture blending: yes
10:50:28:  * Anisotropic texture filtering: yes
10:50:28:  * Dot product texture operation: yes
10:50:28:  * Cube mapping: yes
10:50:28:  * Hardware stencil buffer: yes
10:50:28:    - Stencil depth: 8
10:50:28:    - Two sided stencil support: yes
10:50:28:    - Wrap stencil values: yes
10:50:28:  * Hardware vertex / index buffers: yes
10:50:28:  * Vertex programs: yes
10:50:28:  * Fragment programs: yes
10:50:28:  * Geometry programs: no
10:50:28:  * Supported Shader Profiles: hlsl ps_1_1 ps_1_2 ps_1_3 ps_1_4 ps_2_0 ps_2_a ps_2_b ps_2_x ps_3_0 vs_1_1 vs_2_0 vs_2_a vs_2_x vs_3_0
10:50:28:  * Texture Compression: yes
10:50:28:    - DXT: yes
10:50:28:    - VTC: no
10:50:28:  * Scissor Rectangle: yes
10:50:28:  * Hardware Occlusion Query: yes
10:50:28:  * User clip planes: yes
10:50:28:  * VET_UBYTE4 vertex element type: yes
10:50:28:  * Infinite far plane projection: yes
10:50:28:  * Hardware render-to-texture: yes
10:50:28:  * Floating point textures: yes
10:50:28:  * Non-power-of-two textures: yes
10:50:28:  * Volume textures: yes
10:50:28:  * Multiple Render Targets: 4
10:50:28:    - With different bit depths: yes
10:50:28:  * Point Sprites: yes
10:50:28:  * Extended point parameters: yes
10:50:28:  * Max Point Size: 8192
10:50:28:  * Vertex texture fetch: yes
10:50:28:    - Max vertex textures: 4
10:50:28:    - Vertex textures shared: no
10:50:28:  * Render to Vertex Buffer : no
10:50:28:  * DirectX per stage constants: yes
10:50:28: ResourceBackgroundQueue - threading disabled
10:50:28: Particle Renderer Type 'billboard' registered
10:50:28: SceneManagerFactory for type 'OctreeSceneManager' registered.
10:50:28: SceneManagerFactory for type 'TerrainSceneManager' registered.
10:50:28: !!! Direct3D Device Lost!
10:50:28: !!! Direct3D Device Lost!
10:50:28: !!! Direct3D Device Lost!
10:50:28: Parsing scripts for resource group Autodetect
10:50:28: Finished parsing scripts for resource group Autodetect
10:50:28: Parsing scripts for resource group Cache
10:50:28: Finished parsing scripts for resource group Cache
10:50:28: Parsing scripts for resource group General
10:50:28: Parsing script building.material
10:50:28: Parsing script clouds.material
10:50:28: Parsing script colours.material
10:50:28: Parsing script junction.material
10:50:28: Parsing script ocean.material
10:50:28: Parsing script route.material
10:50:28: Parsing script terrain.material
10:50:28: Compiler error: unknown error in terrain.material(12): token "texure_unit" is not recognized
10:50:28: Parsing script barn.material
10:50:28: Parsing script bigtree1.material
10:50:28: Parsing script bigtree2.material
10:50:28: Parsing script bldskyl1_01.material
10:50:28: Parsing script bldskyl1_02.material
10:50:28: Parsing script bldskyl1_03.material
10:50:28: Parsing script bldskyl1_04.material
10:50:28: Parsing script bldskyl1_05.material
10:50:28: Parsing script church.material
10:50:28: Parsing script deadtree.material
10:50:28: Parsing script palmtree.material
10:50:28: Parsing script pinetree.material
10:50:28: Finished parsing scripts for resource group General
10:50:28: Parsing scripts for resource group Internal
10:50:28: Finished parsing scripts for resource group Internal
10:51:09: !!! Direct3D Device Lost!
10:51:14: !!! Direct3D Device Lost!
10:51:58: TerrainSceneManager: Registered a new PageSource for type Heightmap
10:51:58: TerrainSceneManager: Activated PageSource Heightmap
10:51:58: Texture: terrain_texture.png: Loading 1 faces(PF_R8G8B8,512x512x1) with  hardware generated mipmaps from Image. Internal format is PF_X8R8G8B8,512x512x1.
10:51:59: D3D9TextureManager released:
10:51:59: 0 unmanaged textures
10:51:59: D3D9HardwareBufferManager released:
10:51:59: 0 unmanaged vertex buffers
10:51:59: 0 unmanaged index buffers
10:51:59: Reset device ok w:907 h:787
10:51:59: D3D9TextureManager recreated:
10:51:59: 0 unmanaged textures
10:51:59: D3D9HardwareBufferManager recreated:
10:51:59: 0 unmanaged vertex buffers
10:51:59: 0 unmanaged index buffers
10:51:59: !!! Direct3D Device successfully restored.
10:51:59: D3D9 : Loading 2D Texture, image name : 'waves2.dds' with 2147483647 mip map levels
10:51:59: Texture: clouds.jpg: Loading 1 faces(PF_R8G8B8,256x256x1) with  hardware generated mipmaps from Image. Internal format is PF_X8R8G8B8,256x256x1.
10:51:59: Mesh: Loading bigtree1.mesh.
10:51:59: Texture: bigtree1.tga: Loading 1 faces(PF_A8R8G8B8,256x512x1) with  hardware generated mipmaps from Image. Internal format is PF_A8R8G8B8,256x512x1.
10:51:59: Mesh: Loading bigtree2.mesh.
10:51:59: Texture: bigtree2.tga: Loading 1 faces(PF_A8R8G8B8,256x512x1) with  hardware generated mipmaps from Image. Internal format is PF_A8R8G8B8,256x512x1.
10:51:59: Mesh: Loading pinetree.mesh.
10:51:59: Texture: pinetree.tga: Loading 1 faces(PF_A8R8G8B8,256x512x1) with  hardware generated mipmaps from Image. Internal format is PF_A8R8G8B8,256x512x1.
10:51:59: Mesh: Loading s-light2.mesh.
10:51:59: WARNING: s-light2.mesh is an older format ([MeshSerializer_v1.30]); you should upgrade it as soon as possible using the OgreMeshUpgrade tool.
10:51:59: MeshSerializer writing mesh data to ..\cache\route_view_5.mesh...
10:51:59: File header written.
10:51:59: Writing mesh data...
10:51:59: Writing submesh...
10:51:59: Exporting submesh texture aliases...
10:51:59: Submesh texture aliases exported.
10:51:59: Submesh exported.
10:51:59: Exporting bounds information....
10:51:59: Bounds information exported.
10:51:59: Exporting submesh name table...
10:51:59: Submesh name table exported.
10:51:59: Mesh data exported.
10:51:59: MeshSerializer export successful.
10:51:59: Texture: Roads0018_S.png: Loading 1 faces(PF_R8G8B8,512x512x1) with  hardware generated mipmaps from Image. Internal format is PF_X8R8G8B8,512x512x1.
10:51:59: MeshSerializer writing mesh data to ..\cache\route_view_6.mesh...
10:51:59: File header written.
10:51:59: Writing mesh data...
10:51:59: Writing submesh...
10:51:59: Exporting submesh texture aliases...
10:51:59: Submesh texture aliases exported.
10:51:59: Submesh exported.
10:51:59: Exporting bounds information....
10:51:59: Bounds information exported.
10:51:59: Exporting submesh name table...
10:51:59: Submesh name table exported.
10:51:59: Mesh data exported.
10:51:59: MeshSerializer export successful.
10:51:59: MeshSerializer writing mesh data to ..\cache\route_view_7.mesh...
10:51:59: File header written.
10:51:59: Writing mesh data...
10:51:59: Writing submesh...
10:51:59: Exporting submesh texture aliases...
10:51:59: Submesh texture aliases exported.
10:51:59: Submesh exported.
10:51:59: Exporting bounds information....
10:51:59: Bounds information exported.
10:51:59: Exporting submesh name table...
10:51:59: Submesh name table exported.
10:51:59: Mesh data exported.
10:51:59: MeshSerializer export successful.
10:51:59: MeshSerializer writing mesh data to ..\cache\route_view_8.mesh...
10:51:59: File header written.
10:51:59: Writing mesh data...
10:51:59: Writing submesh...
10:51:59: Exporting submesh texture aliases...
10:51:59: Submesh texture aliases exported.
10:51:59: Submesh exported.
10:51:59: Exporting bounds information....
10:51:59: Bounds information exported.
10:51:59: Exporting submesh name table...
10:51:59: Submesh name table exported.
10:51:59: Mesh data exported.
10:51:59: MeshSerializer export successful.
10:51:59: MeshSerializer writing mesh data to ..\cache\route_view_9.mesh...
10:51:59: File header written.
10:51:59: Writing mesh data...
10:51:59: Writing submesh...
10:51:59: Exporting submesh texture aliases...
10:51:59: Submesh texture aliases exported.
10:51:59: Submesh exported.
10:51:59: Exporting bounds information....
10:51:59: Bounds information exported.
10:51:59: Exporting submesh name table...
10:51:59: Submesh name table exported.
10:51:59: Mesh data exported.
10:51:59: MeshSerializer export successful.
10:51:59: MeshSerializer writing mesh data to ..\cache\route_view_10.mesh...
10:51:59: File header written.
10:51:59: Writing mesh data...
10:51:59: Writing submesh...
10:51:59: Exporting submesh texture aliases...
10:51:59: Submesh texture aliases exported.
10:51:59: Submesh exported.
10:51:59: Exporting bounds information....
10:51:59: Bounds information exported.
10:51:59: Exporting submesh name table...
10:51:59: Submesh name table exported.
10:51:59: Mesh data exported.
10:51:59: MeshSerializer export successful.
10:51:59: MeshSerializer writing mesh data to ..\cache\route_view_11.mesh...
10:51:59: File header written.
10:51:59: Writing mesh data...
10:51:59: Writing submesh...
10:51:59: Exporting submesh texture aliases...
10:51:59: Submesh texture aliases exported.
10:51:59: Submesh exported.
10:51:59: Exporting bounds information....
10:51:59: Bounds information exported.
10:51:59: Exporting submesh name table...
10:51:59: Submesh name table exported.
10:51:59: Mesh data exported.
10:51:59: MeshSerializer export successful.
10:51:59: MeshSerializer writing mesh data to ..\cache\route_view_12.mesh...
10:51:59: File header written.
10:51:59: Writing mesh data...
10:51:59: Writing submesh...
10:51:59: Exporting submesh texture aliases...
10:51:59: Submesh texture aliases exported.
10:51:59: Submesh exported.
10:51:59: Exporting bounds information....
10:51:59: Bounds information exported.
10:51:59: Exporting submesh name table...
10:51:59: Submesh name table exported.
10:51:59: Mesh data exported.
10:51:59: MeshSerializer export successful.
10:51:59: MeshSerializer writing mesh data to ..\cache\route_view_13.mesh...
10:51:59: File header written.
10:51:59: Writing mesh data...
10:51:59: Writing submesh...
10:51:59: Exporting submesh texture aliases...
10:51:59: Submesh texture aliases exported.
10:51:59: Submesh exported.
10:51:59: Exporting bounds information....
10:51:59: Bounds information exported.
10:51:59: Exporting submesh name table...
10:51:59: Submesh name table exported.
10:51:59: Mesh data exported.
10:51:59: MeshSerializer export successful.
10:51:59: MeshSerializer writing mesh data to ..\cache\route_view_14.mesh...
10:51:59: File header written.
10:51:59: Writing mesh data...
10:51:59: Writing submesh...
10:51:59: Exporting submesh texture aliases...
10:51:59: Submesh texture aliases exported.
10:51:59: Submesh exported.
10:51:59: Exporting bounds information....
10:51:59: Bounds information exported.
10:51:59: Exporting submesh name table...
10:51:59: Submesh name table exported.
10:51:59: Mesh data exported.
10:51:59: MeshSerializer export successful.
10:51:59: MeshSerializer writing mesh data to ..\cache\route_view_15.mesh...
10:51:59: File header written.
10:51:59: Writing mesh data...
10:51:59: Writing submesh...
10:51:59: Exporting submesh texture aliases...
10:51:59: Submesh texture aliases exported.
10:51:59: Submesh exported.
10:51:59: Exporting bounds information....
10:51:59: Bounds information exported.
10:51:59: Exporting submesh name table...
10:51:59: Submesh name table exported.
10:51:59: Mesh data exported.
10:51:59: MeshSerializer export successful.
10:51:59: MeshSerializer writing mesh data to ..\cache\route_view_16.mesh...
10:51:59: File header written.
10:51:59: Writing mesh data...
10:51:59: Writing submesh...
10:51:59: Exporting submesh texture aliases...
10:51:59: Submesh texture aliases exported.
10:51:59: Submesh exported.
10:51:59: Exporting bounds information....
10:51:59: Bounds information exported.
10:51:59: Exporting submesh name table...
10:51:59: Submesh name table exported.
10:51:59: Mesh data exported.
10:51:59: MeshSerializer export successful.
10:51:59: MeshSerializer writing mesh data to ..\cache\route_view_17.mesh...
10:51:59: File header written.
10:51:59: Writing mesh data...
10:51:59: Writing submesh...
10:51:59: Exporting submesh texture aliases...
10:51:59: Submesh texture aliases exported.
10:51:59: Submesh exported.
10:51:59: Exporting bounds information....
10:51:59: Bounds information exported.
10:51:59: Exporting submesh name table...
10:51:59: Submesh name table exported.
10:51:59: Mesh data exported.
10:51:59: MeshSerializer export successful.
10:51:59: MeshSerializer writing mesh data to ..\cache\route_view_18.mesh...
10:51:59: File header written.
10:51:59: Writing mesh data...
10:51:59: Writing submesh...
10:51:59: Exporting submesh texture aliases...
10:51:59: Submesh texture aliases exported.
10:51:59: Submesh exported.
10:51:59: Exporting bounds information....
10:51:59: Bounds information exported.
10:51:59: Exporting submesh name table...
10:51:59: Submesh name table exported.
10:51:59: Mesh data exported.
10:51:59: MeshSerializer export successful.
10:51:59: MeshSerializer writing mesh data to ..\cache\building_view_19.mesh...
10:51:59: File header written.
10:51:59: Writing mesh data...
10:51:59: Writing submesh...
10:51:59: Exporting submesh texture aliases...
10:51:59: Submesh texture aliases exported.
10:51:59: Submesh exported.
10:51:59: Writing submesh...
10:51:59: Exporting submesh texture aliases...
10:51:59: Submesh texture aliases exported.
10:51:59: Submesh exported.
10:51:59: Exporting bounds information....
10:51:59: Bounds information exported.
10:51:59: Exporting submesh name table...
10:51:59: Submesh name table exported.
10:51:59: Mesh data exported.
10:51:59: MeshSerializer export successful.
10:51:59: Texture: BuildingsTallHouse0027_S.jpg: Loading 1 faces(PF_R8G8B8,512x512x1) with  hardware generated mipmaps from Image. Internal format is PF_X8R8G8B8,512x512x1.
10:51:59: MeshSerializer writing mesh data to ..\cache\building_view_20.mesh...
10:51:59: File header written.
10:51:59: Writing mesh data...
10:51:59: Writing submesh...
10:51:59: Exporting submesh texture aliases...
10:51:59: Submesh texture aliases exported.
10:51:59: Submesh exported.
10:51:59: Writing submesh...
10:51:59: Exporting submesh texture aliases...
10:51:59: Submesh texture aliases exported.
10:51:59: Submesh exported.
10:51:59: Exporting bounds information....
10:51:59: Bounds information exported.
10:51:59: Exporting submesh name table...
10:51:59: Submesh name table exported.
10:51:59: Mesh data exported.
10:51:59: MeshSerializer export successful.
10:51:59: Texture: BuildingsVarious0008_S.jpg: Loading 1 faces(PF_R8G8B8,512x512x1) with  hardware generated mipmaps from Image. Internal format is PF_X8R8G8B8,512x512x1.
10:51:59: MeshSerializer writing mesh data to ..\cache\building_view_21.mesh...
10:51:59: File header written.
10:51:59: Writing mesh data...
10:51:59: Writing submesh...
10:51:59: Exporting submesh texture aliases...
10:51:59: Submesh texture aliases exported.
10:51:59: Submesh exported.
10:51:59: Writing submesh...
10:51:59: Exporting submesh texture aliases...
10:51:59: Submesh texture aliases exported.
10:51:59: Submesh exported.
10:51:59: Exporting bounds information....
10:51:59: Bounds information exported.
10:51:59: Exporting submesh name table...
10:51:59: Submesh name table exported.
10:51:59: Mesh data exported.
10:51:59: MeshSerializer export successful.
10:51:59: Texture: BuildingsTallHouse0026_S.jpg: Loading 1 faces(PF_R8G8B8,512x512x1) with  hardware generated mipmaps from Image. Internal format is PF_X8R8G8B8,512x512x1.
10:51:59: MeshSerializer writing mesh data to ..\cache\building_view_22.mesh...
10:51:59: File header written.
10:51:59: Writing mesh data...
10:51:59: Writing submesh...
10:51:59: Exporting submesh texture aliases...
10:51:59: Submesh texture aliases exported.
10:51:59: Submesh exported.
10:51:59: Writing submesh...
10:51:59: Exporting submesh texture aliases...
10:51:59: Submesh texture aliases exported.
10:51:59: Submesh exported.
10:51:59: Exporting bounds information....
10:51:59: Bounds information exported.
10:51:59: Exporting submesh name table...
10:51:59: Submesh name table exported.
10:51:59: Mesh data exported.
10:51:59: MeshSerializer export successful.
10:51:59: Texture: BuildingsTallHouse0019_S.jpg: Loading 1 faces(PF_R8G8B8,512x512x1) with  hardware generated mipmaps from Image. Internal format is PF_X8R8G8B8,512x512x1.
10:51:59: MeshSerializer writing mesh data to ..\cache\building_view_23.mesh...
10:51:59: File header written.
10:51:59: Writing mesh data...
10:51:59: Writing submesh...
10:51:59: Exporting submesh texture aliases...
10:51:59: Submesh texture aliases exported.
10:51:59: Submesh exported.
10:51:59: Writing submesh...
10:51:59: Exporting submesh texture aliases...
10:51:59: Submesh texture aliases exported.
10:51:59: Submesh exported.
10:51:59: Exporting bounds information....
10:51:59: Bounds information exported.
10:51:59: Exporting submesh name table...
10:51:59: Submesh name table exported.
10:51:59: Mesh data exported.
10:51:59: MeshSerializer export successful.
10:51:59: MeshSerializer writing mesh data to ..\cache\building_view_24.mesh...
10:51:59: File header written.
10:51:59: Writing mesh data...
10:51:59: Writing submesh...
10:51:59: Exporting submesh texture aliases...
10:51:59: Submesh texture aliases exported.
10:51:59: Submesh exported.
10:51:59: Writing submesh...
10:51:59: Exporting submesh texture aliases...
10:51:59: Submesh texture aliases exported.
10:51:59: Submesh exported.
10:51:59: Exporting bounds information....
10:51:59: Bounds information exported.
10:51:59: Exporting submesh name table...
10:51:59: Submesh name table exported.
10:51:59: Mesh data exported.
10:51:59: MeshSerializer export successful.
10:51:59: Texture: BuildingsDerelict0036_L.jpg: Loading 1 faces(PF_R8G8B8,512x512x1) with  hardware generated mipmaps from Image. Internal format is PF_X8R8G8B8,512x512x1.
10:51:59: MeshSerializer writing mesh data to ..\cache\building_view_25.mesh...
10:51:59: File header written.
10:51:59: Writing mesh data...
10:51:59: Writing submesh...
10:51:59: Exporting submesh texture aliases...
10:51:59: Submesh texture aliases exported.
10:51:59: Submesh exported.
10:51:59: Writing submesh...
10:51:59: Exporting submesh texture aliases...
10:51:59: Submesh texture aliases exported.
10:51:59: Submesh exported.
10:51:59: Exporting bounds information....
10:51:59: Bounds information exported.
10:51:59: Exporting submesh name table...
10:51:59: Submesh name table exported.
10:51:59: Mesh data exported.
10:51:59: MeshSerializer export successful.
10:51:59: Texture: BUILD_022.jpg: Loading 1 faces(PF_R8G8B8,512x512x1) with  hardware generated mipmaps from Image. Internal format is PF_X8R8G8B8,512x512x1.
10:51:59: MeshSerializer writing mesh data to ..\cache\building_view_26.mesh...
10:51:59: File header written.
10:51:59: Writing mesh data...
10:51:59: Writing submesh...
10:51:59: Exporting submesh texture aliases...
10:51:59: Submesh texture aliases exported.
10:51:59: Submesh exported.
10:51:59: Writing submesh...
10:51:59: Exporting submesh texture aliases...
10:51:59: Submesh texture aliases exported.
10:51:59: Submesh exported.
10:51:59: Exporting bounds information....
10:51:59: Bounds information exported.
10:51:59: Exporting submesh name table...
10:51:59: Submesh name table exported.
10:51:59: Mesh data exported.
10:51:59: MeshSerializer export successful.
10:51:59: Texture: BuildingsIndustrial0006_S.jpg: Loading 1 faces(PF_R8G8B8,512x512x1) with  hardware generated mipmaps from Image. Internal format is PF_X8R8G8B8,512x512x1.
10:51:59: MeshSerializer writing mesh data to ..\cache\building_view_27.mesh...
10:51:59: File header written.
10:51:59: Writing mesh data...
10:51:59: Writing submesh...
10:51:59: Exporting submesh texture aliases...
10:51:59: Submesh texture aliases exported.
10:51:59: Submesh exported.
10:51:59: Writing submesh...
10:51:59: Exporting submesh texture aliases...
10:51:59: Submesh texture aliases exported.
10:51:59: Submesh exported.
10:51:59: Exporting bounds information....
10:51:59: Bounds information exported.
10:51:59: Exporting submesh name table...
10:51:59: Submesh name table exported.
10:51:59: Mesh data exported.
10:51:59: MeshSerializer export successful.
10:51:59: MeshSerializer writing mesh data to ..\cache\building_view_28.mesh...
10:51:59: File header written.
10:51:59: Writing mesh data...
10:51:59: Writing submesh...
10:51:59: Exporting submesh texture aliases...
10:51:59: Submesh texture aliases exported.
10:51:59: Submesh exported.
10:51:59: Writing submesh...
10:51:59: Exporting submesh texture aliases...
10:51:59: Submesh texture aliases exported.
10:51:59: Submesh exported.
10:51:59: Exporting bounds information....
10:51:59: Bounds information exported.
10:51:59: Exporting submesh name table...
10:51:59: Submesh name table exported.
10:51:59: Mesh data exported.
10:51:59: MeshSerializer export successful.
10:51:59: MeshSerializer writing mesh data to ..\cache\building_view_29.mesh...
10:51:59: File header written.
10:51:59: Writing mesh data...
10:51:59: Writing submesh...
10:51:59: Exporting submesh texture aliases...
10:51:59: Submesh texture aliases exported.
10:51:59: Submesh exported.
10:51:59: Writing submesh...
10:51:59: Exporting submesh texture aliases...
10:51:59: Submesh texture aliases exported.
10:51:59: Submesh exported.
10:51:59: Exporting bounds information....
10:51:59: Bounds information exported.
10:51:59: Exporting submesh name table...
10:51:59: Submesh name table exported.
10:51:59: Mesh data exported.
10:51:59: MeshSerializer export successful.
10:51:59: MeshSerializer writing mesh data to ..\cache\building_view_30.mesh...
10:51:59: File header written.
10:51:59: Writing mesh data...
10:51:59: Writing submesh...
10:51:59: Exporting submesh texture aliases...
10:51:59: Submesh texture aliases exported.
10:51:59: Submesh exported.
10:51:59: Writing submesh...
10:51:59: Exporting submesh texture aliases...
10:51:59: Submesh texture aliases exported.
10:51:59: Submesh exported.
10:51:59: Exporting bounds information....
10:51:59: Bounds information exported.
10:51:59: Exporting submesh name table...
10:51:59: Submesh name table exported.
10:51:59: Mesh data exported.
10:51:59: MeshSerializer export successful.
10:51:59: MeshSerializer writing mesh data to ..\cache\building_view_31.mesh...
10:51:59: File header written.
10:51:59: Writing mesh data...
10:51:59: Writing submesh...
10:51:59: Exporting submesh texture aliases...
10:51:59: Submesh texture aliases exported.
10:51:59: Submesh exported.
10:51:59: Writing submesh...
10:51:59: Exporting submesh texture aliases...
10:51:59: Submesh texture aliases exported.
10:51:59: Submesh exported.
10:51:59: Exporting bounds information....
10:51:59: Bounds information exported.
10:51:59: Exporting submesh name table...
10:51:59: Submesh name table exported.
10:51:59: Mesh data exported.
10:51:59: MeshSerializer export successful.
10:51:59: MeshSerializer writing mesh data to ..\cache\building_view_32.mesh...
10:51:59: File header written.
10:51:59: Writing mesh data...
10:51:59: Writing submesh...
10:51:59: Exporting submesh texture aliases...
10:51:59: Submesh texture aliases exported.
10:51:59: Submesh exported.
10:51:59: Writing submesh...
10:51:59: Exporting submesh texture aliases...
10:51:59: Submesh texture aliases exported.
10:51:59: Submesh exported.
10:51:59: Exporting bounds information....
10:51:59: Bounds information exported.
10:51:59: Exporting submesh name table...
10:51:59: Submesh name table exported.
10:51:59: Mesh data exported.
10:51:59: MeshSerializer export successful.
10:51:59: MeshSerializer writing mesh data to ..\cache\building_view_33.mesh...
10:51:59: File header written.
10:51:59: Writing mesh data...
10:51:59: Writing submesh...
10:51:59: Exporting submesh texture aliases...
10:51:59: Submesh texture aliases exported.
10:51:59: Submesh exported.
10:51:59: Writing submesh...
10:51:59: Exporting submesh texture aliases...
10:51:59: Submesh texture aliases exported.
10:51:59: Submesh exported.
10:51:59: Exporting bounds information....
10:51:59: Bounds information exported.
10:51:59: Exporting submesh name table...
10:51:59: Submesh name table exported.
10:51:59: Mesh data exported.
10:51:59: MeshSerializer export successful.
10:51:59: Texture: BuildingsTallHouse0024_S.jpg: Loading 1 faces(PF_R8G8B8,512x512x1) with  hardware generated mipmaps from Image. Internal format is PF_X8R8G8B8,512x512x1.
10:51:59: MeshSerializer writing mesh data to ..\cache\building_view_34.mesh...
10:51:59: File header written.
10:51:59: Writing mesh data...
10:51:59: Writing submesh...
10:51:59: Exporting submesh texture aliases...
10:51:59: Submesh texture aliases exported.
10:51:59: Submesh exported.
10:51:59: Writing submesh...
10:51:59: Exporting submesh texture aliases...
10:51:59: Submesh texture aliases exported.
10:51:59: Submesh exported.
10:51:59: Exporting bounds information....
10:51:59: Bounds information exported.
10:51:59: Exporting submesh name table...
10:51:59: Submesh name table exported.
10:51:59: Mesh data exported.
10:51:59: MeshSerializer export successful.
10:51:59: MeshSerializer writing mesh data to ..\cache\building_view_35.mesh...
10:51:59: File header written.
10:51:59: Writing mesh data...
10:51:59: Writing submesh...
10:51:59: Exporting submesh texture aliases...
10:51:59: Submesh texture aliases exported.
10:51:59: Submesh exported.
10:51:59: Writing submesh...
10:51:59: Exporting submesh texture aliases...
10:51:59: Submesh texture aliases exported.
10:51:59: Submesh exported.
10:51:59: Exporting bounds information....
10:51:59: Bounds information exported.
10:51:59: Exporting submesh name table...
10:51:59: Submesh name table exported.
10:51:59: Mesh data exported.
10:51:59: MeshSerializer export successful.
10:51:59: MeshSerializer writing mesh data to ..\cache\building_view_36.mesh...
10:51:59: File header written.
10:51:59: Writing mesh data...
10:51:59: Writing submesh...
10:51:59: Exporting submesh texture aliases...
10:51:59: Submesh texture aliases exported.
10:51:59: Submesh exported.
10:51:59: Writing submesh...
10:51:59: Exporting submesh texture aliases...
10:51:59: Submesh texture aliases exported.
10:51:59: Submesh exported.
10:51:59: Exporting bounds information....
10:51:59: Bounds information exported.
10:51:59: Exporting submesh name table...
10:51:59: Submesh name table exported.
10:51:59: Mesh data exported.
10:51:59: MeshSerializer export successful.
10:51:59: MeshSerializer writing mesh data to ..\cache\building_view_37.mesh...
10:51:59: File header written.
10:51:59: Writing mesh data...
10:51:59: Writing submesh...
10:51:59: Exporting submesh texture aliases...
10:51:59: Submesh texture aliases exported.
10:51:59: Submesh exported.
10:51:59: Writing submesh...
10:51:59: Exporting submesh texture aliases...
10:51:59: Submesh texture aliases exported.
10:51:59: Submesh exported.
10:51:59: Exporting bounds information....
10:51:59: Bounds information exported.
10:51:59: Exporting submesh name table...
10:51:59: Submesh name table exported.
10:51:59: Mesh data exported.
10:51:59: MeshSerializer export successful.
10:51:59: Texture: BuildingsMedieval0015_M.jpg: Loading 1 faces(PF_R8G8B8,512x512x1) with  hardware generated mipmaps from Image. Internal format is PF_X8R8G8B8,512x512x1.
10:51:59: MeshSerializer writing mesh data to ..\cache\building_view_38.mesh...
10:51:59: File header written.
10:51:59: Writing mesh data...
10:51:59: Writing submesh...
10:51:59: Exporting submesh texture aliases...
10:51:59: Submesh texture aliases exported.
10:51:59: Submesh exported.
10:51:59: Writing submesh...
10:51:59: Exporting submesh texture aliases...
10:51:59: Submesh texture aliases exported.
10:51:59: Submesh exported.
10:51:59: Exporting bounds information....
10:51:59: Bounds information exported.
10:51:59: Exporting submesh name table...
10:51:59: Submesh name table exported.
10:51:59: Mesh data exported.
10:51:59: MeshSerializer export successful.
10:51:59: MeshSerializer writing mesh data to ..\cache\building_view_39.mesh...
10:51:59: File header written.
10:51:59: Writing mesh data...
10:51:59: Writing submesh...
10:51:59: Exporting submesh texture aliases...
10:51:59: Submesh texture aliases exported.
10:51:59: Submesh exported.
10:51:59: Writing submesh...
10:51:59: Exporting submesh texture aliases...
10:51:59: Submesh texture aliases exported.
10:51:59: Submesh exported.
10:51:59: Exporting bounds information....
10:51:59: Bounds information exported.
10:51:59: Exporting submesh name table...
10:51:59: Submesh name table exported.
10:51:59: Mesh data exported.
10:51:59: MeshSerializer export successful.
10:51:59: MeshSerializer writing mesh data to ..\cache\building_view_40.mesh...
10:51:59: File header written.
10:51:59: Writing mesh data...
10:51:59: Writing submesh...
10:51:59: Exporting submesh texture aliases...
10:51:59: Submesh texture aliases exported.
10:51:59: Submesh exported.
10:51:59: Writing submesh...
10:51:59: Exporting submesh texture aliases...
10:51:59: Submesh texture aliases exported.
10:51:59: Submesh exported.
10:51:59: Exporting bounds information....
10:51:59: Bounds information exported.
10:51:59: Exporting submesh name table...
10:51:59: Submesh name table exported.
10:51:59: Mesh data exported.
10:51:59: MeshSerializer export successful.
10:51:59: MeshSerializer writing mesh data to ..\cache\building_view_41.mesh...
10:51:59: File header written.
10:51:59: Writing mesh data...
10:51:59: Writing submesh...
10:51:59: Exporting submesh texture aliases...
10:51:59: Submesh texture aliases exported.
10:51:59: Submesh exported.
10:51:59: Writing submesh...
10:51:59: Exporting submesh texture aliases...
10:51:59: Submesh texture aliases exported.
10:51:59: Submesh exported.
10:51:59: Exporting bounds information....
10:51:59: Bounds information exported.
10:51:59: Exporting submesh name table...
10:51:59: Submesh name table exported.
10:51:59: Mesh data exported.
10:51:59: MeshSerializer export successful.
10:51:59: MeshSerializer writing mesh data to ..\cache\building_view_42.mesh...
10:51:59: File header written.
10:51:59: Writing mesh data...
10:51:59: Writing submesh...
10:51:59: Exporting submesh texture aliases...
10:51:59: Submesh texture aliases exported.
10:51:59: Submesh exported.
10:51:59: Writing submesh...
10:51:59: Exporting submesh texture aliases...
10:51:59: Submesh texture aliases exported.
10:51:59: Submesh exported.
10:51:59: Exporting bounds information....
10:51:59: Bounds information exported.
10:51:59: Exporting submesh name table...
10:51:59: Submesh name table exported.
10:51:59: Mesh data exported.
10:51:59: MeshSerializer export successful.
10:51:59: MeshSerializer writing mesh data to ..\cache\building_view_43.mesh...
10:51:59: File header written.
10:51:59: Writing mesh data...
10:51:59: Writing submesh...
10:51:59: Exporting submesh texture aliases...
10:51:59: Submesh texture aliases exported.
10:51:59: Submesh exported.
10:51:59: Writing submesh...
10:51:59: Exporting submesh texture aliases...
10:51:59: Submesh texture aliases exported.
10:51:59: Submesh exported.
10:51:59: Exporting bounds information....
10:51:59: Bounds information exported.
10:51:59: Exporting submesh name table...
10:51:59: Submesh name table exported.
10:51:59: Mesh data exported.
10:51:59: MeshSerializer export successful.
10:51:59: MeshSerializer writing mesh data to ..\cache\building_view_44.mesh...
10:51:59: File header written.
10:51:59: Writing mesh data...
10:51:59: Writing submesh...
10:51:59: Exporting submesh texture aliases...
10:51:59: Submesh texture aliases exported.
10:51:59: Submesh exported.
10:51:59: Writing submesh...
10:51:59: Exporting submesh texture aliases...
10:51:59: Submesh texture aliases exported.
10:51:59: Submesh exported.
10:51:59: Exporting bounds information....
10:51:59: Bounds information exported.
10:51:59: Exporting submesh name table...
10:51:59: Submesh name table exported.
10:51:59: Mesh data exported.
10:51:59: MeshSerializer export successful.
10:51:59: MeshSerializer writing mesh data to ..\cache\building_view_45.mesh...
10:51:59: File header written.
10:51:59: Writing mesh data...
10:51:59: Writing submesh...
10:51:59: Exporting submesh texture aliases...
10:51:59: Submesh texture aliases exported.
10:51:59: Submesh exported.
10:51:59: Writing submesh...
10:51:59: Exporting submesh texture aliases...
10:51:59: Submesh texture aliases exported.
10:51:59: Submesh exported.
10:51:59: Exporting bounds information....
10:51:59: Bounds information exported.
10:51:59: Exporting submesh name table...
10:51:59: Submesh name table exported.
10:51:59: Mesh data exported.
10:51:59: MeshSerializer export successful.
10:51:59: MeshSerializer writing mesh data to ..\cache\building_view_46.mesh...
10:51:59: File header written.
10:51:59: Writing mesh data...
10:51:59: Writing submesh...
10:51:59: Exporting submesh texture aliases...
10:51:59: Submesh texture aliases exported.
10:51:59: Submesh exported.
10:51:59: Writing submesh...
10:51:59: Exporting submesh texture aliases...
10:51:59: Submesh texture aliases exported.
10:51:59: Submesh exported.
10:51:59: Exporting bounds information....
10:51:59: Bounds information exported.
10:51:59: Exporting submesh name table...
10:51:59: Submesh name table exported.
10:51:59: Mesh data exported.
10:51:59: MeshSerializer export successful.
10:51:59: MeshSerializer writing mesh data to ..\cache\building_view_47.mesh...
10:51:59: File header written.
10:51:59: Writing mesh data...
10:51:59: Writing submesh...
10:51:59: Exporting submesh texture aliases...
10:51:59: Submesh texture aliases exported.
10:51:59: Submesh exported.
10:51:59: Writing submesh...
10:51:59: Exporting submesh texture aliases...
10:51:59: Submesh texture aliases exported.
10:51:59: Submesh exported.
10:51:59: Exporting bounds information....
10:51:59: Bounds information exported.
10:51:59: Exporting submesh name table...
10:51:59: Submesh name table exported.
10:51:59: Mesh data exported.
10:51:59: MeshSerializer export successful.
10:51:59: MeshSerializer writing mesh data to ..\cache\building_view_48.mesh...
10:51:59: File header written.
10:51:59: Writing mesh data...
10:51:59: Writing submesh...
10:51:59: Exporting submesh texture aliases...
10:51:59: Submesh texture aliases exported.
10:51:59: Submesh exported.
10:51:59: Writing submesh...
10:51:59: Exporting submesh texture aliases...
10:51:59: Submesh texture aliases exported.
10:51:59: Submesh exported.
10:51:59: Exporting bounds information....
10:51:59: Bounds information exported.
10:51:59: Exporting submesh name table...
10:51:59: Submesh name table exported.
10:51:59: Mesh data exported.
10:51:59: MeshSerializer export successful.
10:51:59: MeshSerializer writing mesh data to ..\cache\building_view_49.mesh...
10:51:59: File header written.
10:51:59: Writing mesh data...
10:51:59: Writing submesh...
10:51:59: Exporting submesh texture aliases...
10:51:59: Submesh texture aliases exported.
10:51:59: Submesh exported.
10:51:59: Writing submesh...
10:51:59: Exporting submesh texture aliases...
10:51:59: Submesh texture aliases exported.
10:51:59: Submesh exported.
10:51:59: Exporting bounds information....
10:51:59: Bounds information exported.
10:51:59: Exporting submesh name table...
10:51:59: Submesh name table exported.
10:51:59: Mesh data exported.
10:51:59: MeshSerializer export successful.
10:51:59: MeshSerializer writing mesh data to ..\cache\building_view_50.mesh...
10:51:59: File header written.
10:51:59: Writing mesh data...
10:51:59: Writing submesh...
10:51:59: Exporting submesh texture aliases...
10:51:59: Submesh texture aliases exported.
10:51:59: Submesh exported.
10:51:59: Writing submesh...
10:51:59: Exporting submesh texture aliases...
10:51:59: Submesh texture aliases exported.
10:51:59: Submesh exported.
10:51:59: Exporting bounds information....
10:51:59: Bounds information exported.
10:51:59: Exporting submesh name table...
10:51:59: Submesh name table exported.
10:51:59: Mesh data exported.
10:51:59: MeshSerializer export successful.
10:51:59: MeshSerializer writing mesh data to ..\cache\building_view_51.mesh...
10:51:59: File header written.
10:51:59: Writing mesh data...
10:51:59: Writing submesh...
10:51:59: Exporting submesh texture aliases...
10:51:59: Submesh texture aliases exported.
10:51:59: Submesh exported.
10:51:59: Writing submesh...
10:51:59: Exporting submesh texture aliases...
10:51:59: Submesh texture aliases exported.
10:51:59: Submesh exported.
10:51:59: Exporting bounds information....
10:51:59: Bounds information exported.
10:51:59: Exporting submesh name table...
10:51:59: Submesh name table exported.
10:51:59: Mesh data exported.
10:51:59: MeshSerializer export successful.
10:51:59: MeshSerializer writing mesh data to ..\cache\building_view_52.mesh...
10:51:59: File header written.
10:51:59: Writing mesh data...
10:51:59: Writing submesh...
10:51:59: Exporting submesh texture aliases...
10:51:59: Submesh texture aliases exported.
10:51:59: Submesh exported.
10:51:59: Writing submesh...
10:51:59: Exporting submesh texture aliases...
10:51:59: Submesh texture aliases exported.
10:51:59: Submesh exported.
10:51:59: Exporting bounds information....
10:51:59: Bounds information exported.
10:51:59: Exporting submesh name table...
10:51:59: Submesh name table exported.
10:51:59: Mesh data exported.
10:51:59: MeshSerializer export successful.
10:51:59: MeshSerializer writing mesh data to ..\cache\building_view_53.mesh...
10:51:59: File header written.
10:51:59: Writing mesh data...
10:51:59: Writing submesh...
10:51:59: Exporting submesh texture aliases...
10:51:59: Submesh texture aliases exported.
10:51:59: Submesh exported.
10:51:59: Writing submesh...
10:51:59: Exporting submesh texture aliases...
10:51:59: Submesh texture aliases exported.
10:51:59: Submesh exported.
10:51:59: Exporting bounds information....
10:51:59: Bounds information exported.
10:51:59: Exporting submesh name table...
10:51:59: Submesh name table exported.
10:51:59: Mesh data exported.
10:51:59: MeshSerializer export successful.
10:51:59: MeshSerializer writing mesh data to ..\cache\building_view_54.mesh...
10:51:59: File header written.
10:51:59: Writing mesh data...
10:51:59: Writing submesh...
10:51:59: Exporting submesh texture aliases...
10:51:59: Submesh texture aliases exported.
10:51:59: Submesh exported.
10:51:59: Writing submesh...
10:51:59: Exporting submesh texture aliases...
10:51:59: Submesh texture aliases exported.
10:51:59: Submesh exported.
10:51:59: Exporting bounds information....
10:51:59: Bounds information exported.
10:51:59: Exporting submesh name table...
10:51:59: Submesh name table exported.
10:51:59: Mesh data exported.
10:51:59: MeshSerializer export successful.
10:51:59: MeshSerializer writing mesh data to ..\cache\route_view_55.mesh...
10:51:59: File header written.
10:51:59: Writing mesh data...
10:51:59: Writing submesh...
10:51:59: Exporting submesh texture aliases...
10:51:59: Submesh texture aliases exported.
10:51:59: Submesh exported.
10:51:59: Exporting bounds information....
10:51:59: Bounds information exported.
10:51:59: Exporting submesh name table...
10:51:59: Submesh name table exported.
10:51:59: Mesh data exported.
10:51:59: MeshSerializer export successful.
10:51:59: MeshSerializer writing mesh data to ..\cache\route_view_56.mesh...
10:51:59: File header written.
10:51:59: Writing mesh data...
10:51:59: Writing submesh...
10:51:59: Exporting submesh texture aliases...
10:51:59: Submesh texture aliases exported.
10:51:59: Submesh exported.
10:51:59: Exporting bounds information....
10:51:59: Bounds information exported.
10:51:59: Exporting submesh name table...
10:51:59: Submesh name table exported.
10:51:59: Mesh data exported.
10:51:59: MeshSerializer export successful.
10:51:59: MeshSerializer writing mesh data to ..\cache\building_view_61.mesh...
10:51:59: File header written.
10:51:59: Writing mesh data...
10:51:59: Writing submesh...
10:51:59: Exporting submesh texture aliases...
10:51:59: Submesh texture aliases exported.
10:51:59: Submesh exported.
10:51:59: Writing submesh...
10:51:59: Exporting submesh texture aliases...
10:51:59: Submesh texture aliases exported.
10:51:59: Submesh exported.
10:51:59: Exporting bounds information....
10:51:59: Bounds information exported.
10:51:59: Exporting submesh name table...
10:51:59: Submesh name table exported.
10:51:59: Mesh data exported.
10:51:59: MeshSerializer export successful.
10:51:59: MeshSerializer writing mesh data to ..\cache\building_view_62.mesh...
10:51:59: File header written.
10:51:59: Writing mesh data...
10:51:59: Writing submesh...
10:51:59: Exporting submesh texture aliases...
10:51:59: Submesh texture aliases exported.
10:51:59: Submesh exported.
10:51:59: Writing submesh...
10:51:59: Exporting submesh texture aliases...
10:51:59: Submesh texture aliases exported.
10:51:59: Submesh exported.
10:51:59: Exporting bounds information....
10:51:59: Bounds information exported.
10:51:59: Exporting submesh name table...
10:51:59: Submesh name table exported.
10:51:59: Mesh data exported.
10:51:59: MeshSerializer export successful.
10:51:59: Texture: BUILD_017.jpg: Loading 1 faces(PF_R8G8B8,256x256x1) with  hardware generated mipmaps from Image. Internal format is PF_X8R8G8B8,256x256x1.
10:51:59: MeshSerializer writing mesh data to ..\cache\building_view_63.mesh...
10:51:59: File header written.
10:51:59: Writing mesh data...
10:51:59: Writing submesh...
10:51:59: Exporting submesh texture aliases...
10:51:59: Submesh texture aliases exported.
10:51:59: Submesh exported.
10:51:59: Writing submesh...
10:51:59: Exporting submesh texture aliases...
10:51:59: Submesh texture aliases exported.
10:51:59: Submesh exported.
10:51:59: Exporting bounds information....
10:51:59: Bounds information exported.
10:51:59: Exporting submesh name table...
10:51:59: Submesh name table exported.
10:51:59: Mesh data exported.
10:51:59: MeshSerializer export successful.
10:51:59: Texture: Church_1a.jpg: Loading 1 faces(PF_R8G8B8,512x512x1) with  hardware generated mipmaps from Image. Internal format is PF_X8R8G8B8,512x512x1.
10:51:59: MeshSerializer writing mesh data to ..\cache\building_view_64.mesh...
10:51:59: File header written.
10:51:59: Writing mesh data...
10:51:59: Writing submesh...
10:51:59: Exporting submesh texture aliases...
10:51:59: Submesh texture aliases exported.
10:51:59: Submesh exported.
10:51:59: Writing submesh...
10:51:59: Exporting submesh texture aliases...
10:51:59: Submesh texture aliases exported.
10:51:59: Submesh exported.
10:51:59: Exporting bounds information....
10:51:59: Bounds information exported.
10:51:59: Exporting submesh name table...
10:51:59: Submesh name table exported.
10:51:59: Mesh data exported.
10:51:59: MeshSerializer export successful.
10:51:59: MeshSerializer writing mesh data to ..\cache\building_view_65.mesh...
10:51:59: File header written.
10:51:59: Writing mesh data...
10:51:59: Writing submesh...
10:51:59: Exporting submesh texture aliases...
10:51:59: Submesh texture aliases exported.
10:51:59: Submesh exported.
10:51:59: Writing submesh...
10:51:59: Exporting submesh texture aliases...
10:51:59: Submesh texture aliases exported.
10:51:59: Submesh exported.
10:51:59: Exporting bounds information....
10:51:59: Bounds information exported.
10:51:59: Exporting submesh name table...
10:51:59: Submesh name table exported.
10:51:59: Mesh data exported.
10:51:59: MeshSerializer export successful.
10:51:59: MeshSerializer writing mesh data to ..\cache\building_view_66.mesh...
10:51:59: File header written.
10:51:59: Writing mesh data...
10:51:59: Writing submesh...
10:51:59: Exporting submesh texture aliases...
10:51:59: Submesh texture aliases exported.
10:51:59: Submesh exported.
10:51:59: Writing submesh...
10:51:59: Exporting submesh texture aliases...
10:51:59: Submesh texture aliases exported.
10:51:59: Submesh exported.
10:51:59: Exporting bounds information....
10:51:59: Bounds information exported.
10:51:59: Exporting submesh name table...
10:51:59: Submesh name table exported.
10:51:59: Mesh data exported.
10:51:59: MeshSerializer export successful.
10:51:59: MeshSerializer writing mesh data to ..\cache\building_view_67.mesh...
10:51:59: File header written.
10:51:59: Writing mesh data...
10:51:59: Writing submesh...
10:51:59: Exporting submesh texture aliases...
10:51:59: Submesh texture aliases exported.
10:51:59: Submesh exported.
10:51:59: Writing submesh...
10:51:59: Exporting submesh texture aliases...
10:51:59: Submesh texture aliases exported.
10:51:59: Submesh exported.
10:51:59: Exporting bounds information....
10:51:59: Bounds information exported.
10:51:59: Exporting submesh name table...
10:51:59: Submesh name table exported.
10:51:59: Mesh data exported.
10:51:59: MeshSerializer export successful.
10:51:59: MeshSerializer writing mesh data to ..\cache\building_view_68.mesh...
10:51:59: File header written.
10:51:59: Writing mesh data...
10:51:59: Writing submesh...
10:51:59: Exporting submesh texture aliases...
10:51:59: Submesh texture aliases exported.
10:51:59: Submesh exported.
10:51:59: Writing submesh...
10:51:59: Exporting submesh texture aliases...
10:51:59: Submesh texture aliases exported.
10:51:59: Submesh exported.
10:51:59: Exporting bounds information....
10:51:59: Bounds information exported.
10:51:59: Exporting submesh name table...
10:51:59: Submesh name table exported.
10:51:59: Mesh data exported.
10:51:59: MeshSerializer export successful.
10:51:59: MeshSerializer writing mesh data to ..\cache\building_view_69.mesh...
10:51:59: File header written.
10:51:59: Writing mesh data...
10:51:59: Writing submesh...
10:51:59: Exporting submesh texture aliases...
10:51:59: Submesh texture aliases exported.
10:51:59: Submesh exported.
10:51:59: Writing submesh...
10:51:59: Exporting submesh texture aliases...
10:51:59: Submesh texture aliases exported.
10:51:59: Submesh exported.
10:51:59: Exporting bounds information....
10:51:59: Bounds information exported.
10:51:59: Exporting submesh name table...
10:51:59: Submesh name table exported.
10:51:59: Mesh data exported.
10:51:59: MeshSerializer export successful.
10:51:59: MeshSerializer writing mesh data to ..\cache\building_view_70.mesh...
10:51:59: File header written.
10:51:59: Writing mesh data...
10:51:59: Writing submesh...
10:51:59: Exporting submesh texture aliases...
10:51:59: Submesh texture aliases exported.
10:51:59: Submesh exported.
10:51:59: Writing submesh...
10:51:59: Exporting submesh texture aliases...
10:51:59: Submesh texture aliases exported.
10:51:59: Submesh exported.
10:51:59: Exporting bounds information....
10:51:59: Bounds information exported.
10:51:59: Exporting submesh name table...
10:51:59: Submesh name table exported.
10:51:59: Mesh data exported.
10:51:59: MeshSerializer export successful.
10:51:59: MeshSerializer writing mesh data to ..\cache\building_view_71.mesh...
10:51:59: File header written.
10:51:59: Writing mesh data...
10:51:59: Writing submesh...
10:51:59: Exporting submesh texture aliases...
10:51:59: Submesh texture aliases exported.
10:51:59: Submesh exported.
10:51:59: Writing submesh...
10:51:59: Exporting submesh texture aliases...
10:51:59: Submesh texture aliases exported.
10:51:59: Submesh exported.
10:51:59: Exporting bounds information....
10:51:59: Bounds information exported.
10:51:59: Exporting submesh name table...
10:51:59: Submesh name table exported.
10:51:59: Mesh data exported.
10:51:59: MeshSerializer export successful.
10:51:59: MeshSerializer writing mesh data to ..\cache\building_view_72.mesh...
10:51:59: File header written.
10:51:59: Writing mesh data...
10:51:59: Writing submesh...
10:51:59: Exporting submesh texture aliases...
10:51:59: Submesh texture aliases exported.
10:51:59: Submesh exported.
10:51:59: Writing submesh...
10:51:59: Exporting submesh texture aliases...
10:51:59: Submesh texture aliases exported.
10:51:59: Submesh exported.
10:51:59: Exporting bounds information....
10:51:59: Bounds information exported.
10:51:59: Exporting submesh name table...
10:51:59: Submesh name table exported.
10:51:59: Mesh data exported.
10:51:59: MeshSerializer export successful.
10:51:59: MeshSerializer writing mesh data to ..\cache\building_view_73.mesh...
10:51:59: File header written.
10:51:59: Writing mesh data...
10:51:59: Writing submesh...
10:51:59: Exporting submesh texture aliases...
10:51:59: Submesh texture aliases exported.
10:51:59: Submesh exported.
10:51:59: Writing submesh...
10:51:59: Exporting submesh texture aliases...
10:51:59: Submesh texture aliases exported.
10:51:59: Submesh exported.
10:51:59: Exporting bounds information....
10:51:59: Bounds information exported.
10:51:59: Exporting submesh name table...
10:51:59: Submesh name table exported.
10:51:59: Mesh data exported.
10:51:59: MeshSerializer export successful.
10:51:59: MeshSerializer writing mesh data to ..\cache\building_view_74.mesh...
10:51:59: File header written.
10:51:59: Writing mesh data...
10:51:59: Writing submesh...
10:51:59: Exporting submesh texture aliases...
10:51:59: Submesh texture aliases exported.
10:51:59: Submesh exported.
10:51:59: Writing submesh...
10:51:59: Exporting submesh texture aliases...
10:51:59: Submesh texture aliases exported.
10:51:59: Submesh exported.
10:51:59: Exporting bounds information....
10:51:59: Bounds information exported.
10:51:59: Exporting submesh name table...
10:51:59: Submesh name table exported.
10:51:59: Mesh data exported.
10:51:59: MeshSerializer export successful.
10:51:59: MeshSerializer writing mesh data to ..\cache\building_view_75.mesh...
10:51:59: File header written.
10:51:59: Writing mesh data...
10:51:59: Writing submesh...
10:51:59: Exporting submesh texture aliases...
10:51:59: Submesh texture aliases exported.
10:51:59: Submesh exported.
10:51:59: Writing submesh...
10:51:59: Exporting submesh texture aliases...
10:51:59: Submesh texture aliases exported.
10:51:59: Submesh exported.
10:51:59: Exporting bounds information....
10:51:59: Bounds information exported.
10:51:59: Exporting submesh name table...
10:51:59: Submesh name table exported.
10:51:59: Mesh data exported.
10:51:59: MeshSerializer export successful.
10:51:59: MeshSerializer writing mesh data to ..\cache\building_view_76.mesh...
10:51:59: File header written.
10:51:59: Writing mesh data...
10:51:59: Writing submesh...
10:51:59: Exporting submesh texture aliases...
10:51:59: Submesh texture aliases exported.
10:51:59: Submesh exported.
10:51:59: Writing submesh...
10:51:59: Exporting submesh texture aliases...
10:51:59: Submesh texture aliases exported.
10:51:59: Submesh exported.
10:51:59: Exporting bounds information....
10:51:59: Bounds information exported.
10:51:59: Exporting submesh name table...
10:51:59: Submesh name table exported.
10:51:59: Mesh data exported.
10:51:59: MeshSerializer export successful.
10:51:59: MeshSerializer writing mesh data to ..\cache\building_view_77.mesh...
10:51:59: File header written.
10:51:59: Writing mesh data...
10:51:59: Writing submesh...
10:51:59: Exporting submesh texture aliases...
10:51:59: Submesh texture aliases exported.
10:51:59: Submesh exported.
10:51:59: Writing submesh...
10:51:59: Exporting submesh texture aliases...
10:51:59: Submesh texture aliases exported.
10:51:59: Submesh exported.
10:51:59: Exporting bounds information....
10:51:59: Bounds information exported.
10:51:59: Exporting submesh name table...
10:51:59: Submesh name table exported.
10:51:59: Mesh data exported.
10:51:59: MeshSerializer export successful.
10:51:59: MeshSerializer writing mesh data to ..\cache\route_view_124.mesh...
10:51:59: File header written.
10:51:59: Writing mesh data...
10:51:59: Writing submesh...
10:51:59: Exporting submesh texture aliases...
10:51:59: Submesh texture aliases exported.
10:51:59: Submesh exported.
10:51:59: Exporting bounds information....
10:51:59: Bounds information exported.
10:51:59: Exporting submesh name table...
10:51:59: Submesh name table exported.
10:51:59: Mesh data exported.
10:51:59: MeshSerializer export successful.
10:51:59: MeshSerializer writing mesh data to ..\cache\route_view_125.mesh...
10:51:59: File header written.
10:51:59: Writing mesh data...
10:51:59: Writing submesh...
10:51:59: Exporting submesh texture aliases...
10:51:59: Submesh texture aliases exported.
10:51:59: Submesh exported.
10:51:59: Exporting bounds information....
10:51:59: Bounds information exported.
10:51:59: Exporting submesh name table...
10:51:59: Submesh name table exported.
10:51:59: Mesh data exported.
10:51:59: MeshSerializer export successful.
10:51:59: MeshSerializer writing mesh data to ..\cache\route_view_126.mesh...
10:51:59: File header written.
10:51:59: Writing mesh data...
10:51:59: Writing submesh...
10:51:59: Exporting submesh texture aliases...
10:51:59: Submesh texture aliases exported.
10:51:59: Submesh exported.
10:51:59: Exporting bounds information....
10:51:59: Bounds information exported.
10:51:59: Exporting submesh name table...
10:51:59: Submesh name table exported.
10:51:59: Mesh data exported.
10:51:59: MeshSerializer export successful.
10:51:59: MeshSerializer writing mesh data to ..\cache\building_view_127.mesh...
10:51:59: File header written.
10:51:59: Writing mesh data...
10:51:59: Writing submesh...
10:51:59: Exporting submesh texture aliases...
10:51:59: Submesh texture aliases exported.
10:51:59: Submesh exported.
10:51:59: Writing submesh...
10:51:59: Exporting submesh texture aliases...
10:51:59: Submesh texture aliases exported.
10:51:59: Submesh exported.
10:51:59: Exporting bounds information....
10:51:59: Bounds information exported.
10:51:59: Exporting submesh name table...
10:51:59: Submesh name table exported.
10:51:59: Mesh data exported.
10:51:59: MeshSerializer export successful.
10:51:59: MeshSerializer writing mesh data to ..\cache\building_view_128.mesh...
10:51:59: File header written.
10:51:59: Writing mesh data...
10:51:59: Writing submesh...
10:51:59: Exporting submesh texture aliases...
10:51:59: Submesh texture aliases exported.
10:51:59: Submesh exported.
10:51:59: Writing submesh...
10:51:59: Exporting submesh texture aliases...
10:51:59: Submesh texture aliases exported.
10:51:59: Submesh exported.
10:51:59: Exporting bounds information....
10:51:59: Bounds information exported.
10:51:59: Exporting submesh name table...
10:51:59: Submesh name table exported.
10:51:59: Mesh data exported.
10:51:59: MeshSerializer export successful.
10:51:59: MeshSerializer writing mesh data to ..\cache\building_view_129.mesh...
10:51:59: File header written.
10:51:59: Writing mesh data...
10:51:59: Writing submesh...
10:51:59: Exporting submesh texture aliases...
10:51:59: Submesh texture aliases exported.
10:51:59: Submesh exported.
10:51:59: Writing submesh...
10:51:59: Exporting submesh texture aliases...
10:51:59: Submesh texture aliases exported.
10:51:59: Submesh exported.
10:51:59: Exporting bounds information....
10:51:59: Bounds information exported.
10:51:59: Exporting submesh name table...
10:51:59: Submesh name table exported.
10:51:59: Mesh data exported.
10:51:59: MeshSerializer export successful.
10:51:59: MeshSerializer writing mesh data to ..\cache\building_view_130.mesh...
10:51:59: File header written.
10:51:59: Writing mesh data...
10:51:59: Writing submesh...
10:51:59: Exporting submesh texture aliases...
10:51:59: Submesh texture aliases exported.
10:51:59: Submesh exported.
10:51:59: Writing submesh...
10:51:59: Exporting submesh texture aliases...
10:51:59: Submesh texture aliases exported.
10:51:59: Submesh exported.
10:51:59: Exporting bounds information....
10:51:59: Bounds information exported.
10:51:59: Exporting submesh name table...
10:51:59: Submesh name table exported.
10:51:59: Mesh data exported.
10:51:59: MeshSerializer export successful.
10:51:59: MeshSerializer writing mesh data to ..\cache\building_view_131.mesh...
10:51:59: File header written.
10:51:59: Writing mesh data...
10:51:59: Writing submesh...
10:51:59: Exporting submesh texture aliases...
10:51:59: Submesh texture aliases exported.
10:51:59: Submesh exported.
10:51:59: Writing submesh...
10:51:59: Exporting submesh texture aliases...
10:51:59: Submesh texture aliases exported.
10:51:59: Submesh exported.
10:51:59: Exporting bounds information....
10:51:59: Bounds information exported.
10:51:59: Exporting submesh name table...
10:51:59: Submesh name table exported.
10:51:59: Mesh data exported.
10:51:59: MeshSerializer export successful.
10:51:59: MeshSerializer writing mesh data to ..\cache\building_view_132.mesh...
10:51:59: File header written.
10:51:59: Writing mesh data...
10:51:59: Writing submesh...
10:51:59: Exporting submesh texture aliases...
10:51:59: Submesh texture aliases exported.
10:51:59: Submesh exported.
10:51:59: Writing submesh...
10:51:59: Exporting submesh texture aliases...
10:51:59: Submesh texture aliases exported.
10:51:59: Submesh exported.
10:51:59: Exporting bounds information....
10:51:59: Bounds information exported.
10:51:59: Exporting submesh name table...
10:51:59: Submesh name table exported.
10:51:59: Mesh data exported.
10:51:59: MeshSerializer export successful.
10:51:59: MeshSerializer writing mesh data to ..\cache\building_view_133.mesh...
10:51:59: File header written.
10:51:59: Writing mesh data...
10:51:59: Writing submesh...
10:51:59: Exporting submesh texture aliases...
10:51:59: Submesh texture aliases exported.
10:51:59: Submesh exported.
10:51:59: Writing submesh...
10:51:59: Exporting submesh texture aliases...
10:51:59: Submesh texture aliases exported.
10:51:59: Submesh exported.
10:51:59: Exporting bounds information....
10:51:59: Bounds information exported.
10:51:59: Exporting submesh name table...
10:51:59: Submesh name table exported.
10:51:59: Mesh data exported.
10:51:59: MeshSerializer export successful.
10:51:59: MeshSerializer writing mesh data to ..\cache\building_view_134.mesh...
10:51:59: File header written.
10:51:59: Writing mesh data...
10:51:59: Writing submesh...
10:51:59: Exporting submesh texture aliases...
10:51:59: Submesh texture aliases exported.
10:51:59: Submesh exported.
10:51:59: Writing submesh...
10:51:59: Exporting submesh texture aliases...
10:51:59: Submesh texture aliases exported.
10:51:59: Submesh exported.
10:51:59: Exporting bounds information....
10:51:59: Bounds information exported.
10:51:59: Exporting submesh name table...
10:51:59: Submesh name table exported.
10:51:59: Mesh data exported.
10:51:59: MeshSerializer export successful.
10:51:59: MeshSerializer writing mesh data to ..\cache\building_view_135.mesh...
10:51:59: File header written.
10:51:59: Writing mesh data...
10:51:59: Writing submesh...
10:51:59: Exporting submesh texture aliases...
10:51:59: Submesh texture aliases exported.
10:51:59: Submesh exported.
10:51:59: Writing submesh...
10:51:59: Exporting submesh texture aliases...
10:51:59: Submesh texture aliases exported.
10:51:59: Submesh exported.
10:51:59: Exporting bounds information....
10:51:59: Bounds information exported.
10:51:59: Exporting submesh name table...
10:51:59: Submesh name table exported.
10:51:59: Mesh data exported.
10:51:59: MeshSerializer export successful.
10:51:59: MeshSerializer writing mesh data to ..\cache\building_view_136.mesh...
10:51:59: File header written.
10:51:59: Writing mesh data...
10:51:59: Writing submesh...
10:51:59: Exporting submesh texture aliases...
10:51:59: Submesh texture aliases exported.
10:51:59: Submesh exported.
10:51:59: Writing submesh...
10:51:59: Exporting submesh texture aliases...
10:51:59: Submesh texture aliases exported.
10:51:59: Submesh exported.
10:51:59: Exporting bounds information....
10:51:59: Bounds information exported.
10:51:59: Exporting submesh name table...
10:51:59: Submesh name table exported.
10:51:59: Mesh data exported.
10:51:59: MeshSerializer export successful.
10:51:59: MeshSerializer writing mesh data to ..\cache\building_view_137.mesh...
10:51:59: File header written.
10:51:59: Writing mesh data...
10:51:59: Writing submesh...
10:51:59: Exporting submesh texture aliases...
10:51:59: Submesh texture aliases exported.
10:51:59: Submesh exported.
10:51:59: Writing submesh...
10:51:59: Exporting submesh texture aliases...
10:51:59: Submesh texture aliases exported.
10:51:59: Submesh exported.
10:51:59: Exporting bounds information....
10:51:59: Bounds information exported.
10:51:59: Exporting submesh name table...
10:51:59: Submesh name table exported.
10:51:59: Mesh data exported.
10:51:59: MeshSerializer export successful.
10:51:59: MeshSerializer writing mesh data to ..\cache\building_view_138.mesh...
10:51:59: File header written.
10:51:59: Writing mesh data...
10:51:59: Writing submesh...
10:51:59: Exporting submesh texture aliases...
10:51:59: Submesh texture aliases exported.
10:51:59: Submesh exported.
10:51:59: Writing submesh...
10:51:59: Exporting submesh texture aliases...
10:51:59: Submesh texture aliases exported.
10:51:59: Submesh exported.
10:51:59: Exporting bounds information....
10:51:59: Bounds information exported.
10:51:59: Exporting submesh name table...
10:51:59: Submesh name table exported.
10:51:59: Mesh data exported.
10:51:59: MeshSerializer export successful.
10:51:59: MeshSerializer writing mesh data to ..\cache\building_view_139.mesh...
10:51:59: File header written.
10:51:59: Writing mesh data...
10:51:59: Writing submesh...
10:51:59: Exporting submesh texture aliases...
10:51:59: Submesh texture aliases exported.
10:51:59: Submesh exported.
10:51:59: Writing submesh...
10:51:59: Exporting submesh texture aliases...
10:51:59: Submesh texture aliases exported.
10:51:59: Submesh exported.
10:51:59: Exporting bounds information....
10:51:59: Bounds information exported.
10:51:59: Exporting submesh name table...
10:51:59: Submesh name table exported.
10:51:59: Mesh data exported.
10:51:59: MeshSerializer export successful.
10:51:59: MeshSerializer writing mesh data to ..\cache\building_view_140.mesh...
10:51:59: File header written.
10:51:59: Writing mesh data...
10:51:59: Writing submesh...
10:51:59: Exporting submesh texture aliases...
10:51:59: Submesh texture aliases exported.
10:51:59: Submesh exported.
10:51:59: Writing submesh...
10:51:59: Exporting submesh texture aliases...
10:51:59: Submesh texture aliases exported.
10:51:59: Submesh exported.
10:51:59: Exporting bounds information....
10:51:59: Bounds information exported.
10:51:59: Exporting submesh name table...
10:51:59: Submesh name table exported.
10:51:59: Mesh data exported.
10:51:59: MeshSerializer export successful.
10:51:59: MeshSerializer writing mesh data to ..\cache\building_view_141.mesh...
10:51:59: File header written.
10:51:59: Writing mesh data...
10:51:59: Writing submesh...
10:51:59: Exporting submesh texture aliases...
10:51:59: Submesh texture aliases exported.
10:51:59: Submesh exported.
10:51:59: Writing submesh...
10:51:59: Exporting submesh texture aliases...
10:51:59: Submesh texture aliases exported.
10:51:59: Submesh exported.
10:51:59: Exporting bounds information....
10:51:59: Bounds information exported.
10:51:59: Exporting submesh name table...
10:51:59: Submesh name table exported.
10:51:59: Mesh data exported.
10:51:59: MeshSerializer export successful.
10:51:59: MeshSerializer writing mesh data to ..\cache\route_view_142.mesh...
10:51:59: File header written.
10:51:59: Writing mesh data...
10:51:59: Writing submesh...
10:51:59: Exporting submesh texture aliases...
10:51:59: Submesh texture aliases exported.
10:51:59: Submesh exported.
10:51:59: Exporting bounds information....
10:51:59: Bounds information exported.
10:51:59: Exporting submesh name table...
10:51:59: Submesh name table exported.
10:51:59: Mesh data exported.
10:51:59: MeshSerializer export successful.
10:51:59: MeshSerializer writing mesh data to ..\cache\route_view_143.mesh...
10:51:59: File header written.
10:51:59: Writing mesh data...
10:51:59: Writing submesh...
10:51:59: Exporting submesh texture aliases...
10:51:59: Submesh texture aliases exported.
10:51:59: Submesh exported.
10:51:59: Exporting bounds information....
10:51:59: Bounds information exported.
10:51:59: Exporting submesh name table...
10:51:59: Submesh name table exported.
10:51:59: Mesh data exported.
10:51:59: MeshSerializer export successful.
10:51:59: MeshSerializer writing mesh data to ..\cache\building_view_144.mesh...
10:51:59: File header written.
10:51:59: Writing mesh data...
10:51:59: Writing submesh...
10:51:59: Exporting submesh texture aliases...
10:51:59: Submesh texture aliases exported.
10:51:59: Submesh exported.
10:51:59: Writing submesh...
10:51:59: Exporting submesh texture aliases...
10:51:59: Submesh texture aliases exported.
10:51:59: Submesh exported.
10:51:59: Exporting bounds information....
10:51:59: Bounds information exported.
10:51:59: Exporting submesh name table...
10:51:59: Submesh name table exported.
10:51:59: Mesh data exported.
10:51:59: MeshSerializer export successful.
10:51:59: MeshSerializer writing mesh data to ..\cache\building_view_145.mesh...
10:51:59: File header written.
10:51:59: Writing mesh data...
10:51:59: Writing submesh...
10:51:59: Exporting submesh texture aliases...
10:51:59: Submesh texture aliases exported.
10:51:59: Submesh exported.
10:51:59: Writing submesh...
10:51:59: Exporting submesh texture aliases...
10:51:59: Submesh texture aliases exported.
10:51:59: Submesh exported.
10:51:59: Exporting bounds information....
10:51:59: Bounds information exported.
10:51:59: Exporting submesh name table...
10:51:59: Submesh name table exported.
10:51:59: Mesh data exported.
10:51:59: MeshSerializer export successful.
10:51:59: MeshSerializer writing mesh data to ..\cache\building_view_146.mesh...
10:51:59: File header written.
10:51:59: Writing mesh data...
10:51:59: Writing submesh...
10:51:59: Exporting submesh texture aliases...
10:51:59: Submesh texture aliases exported.
10:51:59: Submesh exported.
10:51:59: Writing submesh...
10:51:59: Exporting submesh texture aliases...
10:51:59: Submesh texture aliases exported.
10:51:59: Submesh exported.
10:51:59: Exporting bounds information....
10:51:59: Bounds information exported.
10:51:59: Exporting submesh name table...
10:51:59: Submesh name table exported.
10:51:59: Mesh data exported.
10:51:59: MeshSerializer export successful.
10:51:59: MeshSerializer writing mesh data to ..\cache\building_view_147.mesh...
10:51:59: File header written.
10:51:59: Writing mesh data...
10:51:59: Writing submesh...
10:51:59: Exporting submesh texture aliases...
10:51:59: Submesh texture aliases exported.
10:51:59: Submesh exported.
10:51:59: Writing submesh...
10:51:59: Exporting submesh texture aliases...
10:51:59: Submesh texture aliases exported.
10:51:59: Submesh exported.
10:51:59: Exporting bounds information....
10:51:59: Bounds information exported.
10:51:59: Exporting submesh name table...
10:51:59: Submesh name table exported.
10:51:59: Mesh data exported.
10:51:59: MeshSerializer export successful.
10:51:59: MeshSerializer writing mesh data to ..\cache\building_view_148.mesh...
10:51:59: File header written.
10:51:59: Writing mesh data...
10:51:59: Writing submesh...
10:51:59: Exporting submesh texture aliases...
10:51:59: Submesh texture aliases exported.
10:51:59: Submesh exported.
10:51:59: Writing submesh...
10:51:59: Exporting submesh texture aliases...
10:51:59: Submesh texture aliases exported.
10:51:59: Submesh exported.
10:51:59: Exporting bounds information....
10:51:59: Bounds information exported.
10:51:59: Exporting submesh name table...
10:51:59: Submesh name table exported.
10:51:59: Mesh data exported.
10:51:59: MeshSerializer export successful.
10:51:59: Texture: AsphaltFree.JPG: Loading 1 faces(PF_R8G8B8,512x512x1) with  hardware generated mipmaps from Image. Internal format is PF_X8R8G8B8,512x512x1.
10:52:01: !!! Direct3D Device Lost!
10:52:02: !!! Direct3D Device Lost!
10:52:02: !!! Direct3D Device Lost!
10:52:02: D3D9TextureManager released:
10:52:02: 0 unmanaged textures
10:52:02: D3D9HardwareBufferManager released:
10:52:02: 0 unmanaged vertex buffers
10:52:02: 0 unmanaged index buffers
10:52:02: Reset device ok w:1278 h:1003
10:52:02: D3D9TextureManager recreated:
10:52:02: 0 unmanaged textures
10:52:02: D3D9HardwareBufferManager recreated:
10:52:02: 0 unmanaged vertex buffers
10:52:02: 0 unmanaged index buffers
10:52:02: !!! Direct3D Device successfully restored.
10:53:21: *-*-* OGRE Shutdown
10:53:21: Unregistering ResourceManager for type Compositor
10:53:21: Unregistering ResourceManager for type Font
10:53:21: Unregistering ResourceManager for type Skeleton
10:53:21: Unregistering ResourceManager for type Mesh
10:53:21: Unregistering ResourceManager for type HighLevelGpuProgram
10:53:21: Uninstalling plugin: Octree & Terrain Scene Manager
10:53:21: Plugin successfully uninstalled
10:53:21: Unloading library .\Plugin_OctreeSceneManager
10:53:21: Uninstalling plugin: Cg Program Manager
10:53:21: Plugin successfully uninstalled
10:53:21: Unloading library .\Plugin_CgProgramManager
10:53:21: Uninstalling plugin: GL RenderSystem
10:53:21: *** Stopping Win32GL Subsystem ***
10:53:21: Plugin successfully uninstalled
10:53:21: Unloading library .\RenderSystem_GL
10:53:21: Uninstalling plugin: D3D9 RenderSystem
10:53:21: D3D9 : Shutting down cleanly.
10:53:21: Unregistering ResourceManager for type Texture
10:53:21: Unregistering ResourceManager for type GpuProgram
10:53:21: D3D9 : Direct3D9 Rendering Subsystem destroyed.
10:53:21: Plugin successfully uninstalled
10:53:21: Unloading library .\RenderSystem_Direct3D9
10:53:21: Unregistering ResourceManager for type Material
